Initializing Pipeline...
Initializing Pipeline...
============================================================
STEP 1/5: Parsing PDF...
============================================================
Started parsing the file under job_id 6bf38411-a02a-428e-899f-be0a2234c712
  ✓ Parsed 76 pages → c:\Users\ADMIN\Downloads\rag_project\rag_project\Question_maker2\products\39e4065b\chunkz_(39e4065b).txt

============================================================
STEP 2/5: Storing chunks in local database...
============================================================
Successfully stored 76 chunks locally in c:\Users\ADMIN\Downloads\rag_project\rag_project\Question_maker2\database\39e4065b

============================================================
STEP 3/5: Extracting claims...
============================================================
Fetching chunks from local database...
Found 76 chunks.
Extracting document theme...
  Main theme: An introduction to the concepts, technologies, and applications of Digital Twins.
  Sub-topics: ['Digital Twin concepts and technologies', 'Virtual mirroring and simulation of physical systems', 'Enabling technologies (IoT, cloud computing, AI, simulation)', 'Real-world applications (manufacturing, smart cities, healthcare, etc.)', 'Research challenges and future opportunities', 'Industrial Digital Twin platforms', 'Digital Twin future directions']
Processing Chunk 0 (Page 1)...
Processing Chunk 1 (Page 2)...
Processing Chunk 2 (Page 3)...
Processing Chunk 3 (Page 4)...
Processing Chunk 4 (Page 5)...
Processing Chunk 5 (Page 6)...
Processing Chunk 6 (Page 7)...
Processing Chunk 7 (Page 8)...
Processing Chunk 8 (Page 9)...
Processing Chunk 9 (Page 10)...
Processing Chunk 10 (Page 11)...
Processing Chunk 11 (Page 12)...
Processing Chunk 12 (Page 13)...
Processing Chunk 13 (Page 14)...
Processing Chunk 14 (Page 15)...
Processing Chunk 15 (Page 16)...
Processing Chunk 16 (Page 17)...
Processing Chunk 17 (Page 18)...
Processing Chunk 18 (Page 19)...
Processing Chunk 19 (Page 20)...
Processing Chunk 20 (Page 21)...
Processing Chunk 21 (Page 22)...
Processing Chunk 22 (Page 23)...
Processing Chunk 23 (Page 24)...
Processing Chunk 24 (Page 25)...
Processing Chunk 25 (Page 26)...
Processing Chunk 26 (Page 27)...
Processing Chunk 27 (Page 28)...
Processing Chunk 28 (Page 29)...
Processing Chunk 29 (Page 30)...
Processing Chunk 30 (Page 31)...
Processing Chunk 31 (Page 32)...
Processing Chunk 32 (Page 33)...
Processing Chunk 33 (Page 34)...
Processing Chunk 34 (Page 35)...
Processing Chunk 35 (Page 36)...
Processing Chunk 36 (Page 37)...
Processing Chunk 37 (Page 38)...
Processing Chunk 38 (Page 39)...
Processing Chunk 39 (Page 40)...
Processing Chunk 40 (Page 41)...
Processing Chunk 41 (Page 42)...
Processing Chunk 42 (Page 43)...
Processing Chunk 43 (Page 44)...
Processing Chunk 44 (Page 45)...
Processing Chunk 45 (Page 46)...
Processing Chunk 46 (Page 47)...
Processing Chunk 47 (Page 48)...
Processing Chunk 48 (Page 49)...
Processing Chunk 49 (Page 50)...
Processing Chunk 50 (Page 51)...
Processing Chunk 51 (Page 52)...
Processing Chunk 52 (Page 53)...
Processing Chunk 53 (Page 54)...
Processing Chunk 54 (Page 55)...
Processing Chunk 55 (Page 56)...
Processing Chunk 56 (Page 57)...
Processing Chunk 57 (Page 58)...
Processing Chunk 58 (Page 59)...
Processing Chunk 59 (Page 60)...
Processing Chunk 60 (Page 61)...
Processing Chunk 61 (Page 62)...
Processing Chunk 62 (Page 63)...
Processing Chunk 63 (Page 64)...
Processing Chunk 64 (Page 65)...
Processing Chunk 65 (Page 66)...
Processing Chunk 66 (Page 67)...
Processing Chunk 67 (Page 68)...
Processing Chunk 68 (Page 69)...
Processing Chunk 69 (Page 70)...
Processing Chunk 70 (Page 71)...
Processing Chunk 71 (Page 72)...
Processing Chunk 72 (Page 73)...
Processing Chunk 73 (Page 74)...
Processing Chunk 74 (Page 75)...
Processing Chunk 75 (Page 76)...

Done. Extracted 576 new claims from 76 chunks.
Saved to c:\Users\ADMIN\Downloads\rag_project\rag_project\Question_maker2\products\39e4065b\extracted_claims_(39e4065b).json

============================================================
STEP 4/5: Converting claims to verification questions...
============================================================
Loaded 76 chunks — Main theme: An introduction to the concepts, technologies, and applications of Digital Twins.
Chunk 0 (Page 1): no claims, skipping.
Processing Chunk 1 (Page 2, 8 claims)...
Processing Chunk 2 (Page 3, 5 claims)...
Processing Chunk 3 (Page 4, 6 claims)...
Processing Chunk 4 (Page 5, 4 claims)...
Processing Chunk 5 (Page 6, 11 claims)...
Processing Chunk 6 (Page 7, 11 claims)...
Processing Chunk 7 (Page 8, 9 claims)...
Processing Chunk 8 (Page 9, 7 claims)...
Processing Chunk 9 (Page 10, 11 claims)...
Processing Chunk 10 (Page 11, 15 claims)...
Processing Chunk 11 (Page 12, 3 claims)...
Processing Chunk 12 (Page 13, 9 claims)...
Processing Chunk 13 (Page 14, 5 claims)...
Processing Chunk 14 (Page 15, 10 claims)...
Processing Chunk 15 (Page 16, 7 claims)...
Processing Chunk 16 (Page 17, 9 claims)...
  [WARN] Got 8 questions for 9 claims. Padding with empties.
Processing Chunk 17 (Page 18, 5 claims)...
Processing Chunk 18 (Page 19, 13 claims)...
Processing Chunk 19 (Page 20, 5 claims)...
Processing Chunk 20 (Page 21, 7 claims)...
Processing Chunk 21 (Page 22, 7 claims)...
Processing Chunk 22 (Page 23, 9 claims)...
Processing Chunk 23 (Page 24, 6 claims)...
Processing Chunk 24 (Page 25, 14 claims)...
Processing Chunk 25 (Page 26, 7 claims)...
Processing Chunk 26 (Page 27, 10 claims)...
Processing Chunk 27 (Page 28, 11 claims)...
  [WARN] Got 8 questions for 11 claims. Padding with empties.
Processing Chunk 28 (Page 29, 16 claims)...
Processing Chunk 29 (Page 30, 11 claims)...
Processing Chunk 30 (Page 31, 10 claims)...
Processing Chunk 31 (Page 32, 8 claims)...
Processing Chunk 32 (Page 33, 7 claims)...
Processing Chunk 33 (Page 34, 9 claims)...
Processing Chunk 34 (Page 35, 1 claims)...
Processing Chunk 35 (Page 36, 7 claims)...
Processing Chunk 36 (Page 37, 7 claims)...
Processing Chunk 37 (Page 38, 20 claims)...
  [WARN] Got 14 questions for 15 claims. Padding with empties.
Processing Chunk 38 (Page 39, 7 claims)...
Processing Chunk 39 (Page 40, 7 claims)...
Processing Chunk 40 (Page 41, 8 claims)...
Processing Chunk 41 (Page 42, 9 claims)...
Processing Chunk 42 (Page 43, 9 claims)...
Processing Chunk 43 (Page 44, 7 claims)...
Processing Chunk 44 (Page 45, 10 claims)...
Processing Chunk 45 (Page 46, 10 claims)...
Processing Chunk 46 (Page 47, 9 claims)...
Processing Chunk 47 (Page 48, 12 claims)...
Processing Chunk 48 (Page 49, 10 claims)...
Processing Chunk 49 (Page 50, 4 claims)...
Processing Chunk 50 (Page 51, 6 claims)...
Processing Chunk 51 (Page 52, 4 claims)...
Processing Chunk 52 (Page 53, 7 claims)...
Processing Chunk 53 (Page 54, 10 claims)...
Processing Chunk 54 (Page 55, 6 claims)...
Processing Chunk 55 (Page 56, 6 claims)...
Processing Chunk 56 (Page 57, 4 claims)...
Processing Chunk 57 (Page 58, 10 claims)...
Processing Chunk 58 (Page 59, 5 claims)...
Processing Chunk 59 (Page 60, 5 claims)...
Processing Chunk 60 (Page 61, 4 claims)...
Processing Chunk 61 (Page 62, 10 claims)...
Processing Chunk 62 (Page 63, 6 claims)...
Processing Chunk 63 (Page 64, 2 claims)...
Processing Chunk 64 (Page 65, 9 claims)...
Processing Chunk 65 (Page 66, 6 claims)...
Processing Chunk 66 (Page 67, 4 claims)...
Processing Chunk 67 (Page 68, 4 claims)...
Processing Chunk 68 (Page 69, 4 claims)...
Processing Chunk 69 (Page 70, 5 claims)...
Processing Chunk 70 (Page 71, 6 claims)...
Processing Chunk 71 (Page 72, 4 claims)...
Processing Chunk 72 (Page 73, 8 claims)...
Processing Chunk 73 (Page 74, 10 claims)...
Processing Chunk 74 (Page 75, 6 claims)...
Processing Chunk 75 (Page 76, 3 claims)...

Done. Generated 571 questions from 76 chunks.
Saved to c:\Users\ADMIN\Downloads\rag_project\rag_project\Question_maker2\products\39e4065b\claim_questions_(39e4065b).json

============================================================
STEP 5/5: Generating test...
============================================================
Loading claims...
  Loaded 576 claims — Theme: An introduction to the concepts, technologies, and applications of Digital Twins.
  Sampled: 12 MCQ, 4 T/F, 6 Short

[1/3] Multiple Choice
  Generating 12 MCQ questions...
  ✓ Generated 12 MCQ questions

[2/3] True / False
  Generating 4 T/F questions...
  ✓ Generated 4 T/F questions

[3/3] Short Answer
  Generating 6 short-answer questions...
  ✓ Generated 6 short-answer questions

Done! Generated 22 questions total (max score: 10).
  MCQ: 12 questions × 0.5 pts = 6 pts
  T/F: 4 questions × 0.5 pts = 2 pts
  Short: 6 questions × 0.33 pts = 2 pts
Saved to c:\Users\ADMIN\Downloads\rag_project\rag_project\Question_maker2\products\39e4065b\generated_test_(39e4065b).json

============================================================
ALL DONE!
  Run code:       39e4065b
  Output folder:  c:\Users\ADMIN\Downloads\rag_project\rag_project\Question_maker2\products\39e4065b
  Local DB path:  c:\Users\ADMIN\Downloads\rag_project\rag_project\Question_maker2\database\39e4065b
  Claims file:    c:\Users\ADMIN\Downloads\rag_project\rag_project\Question_maker2\products\39e4065b\extracted_claims_(39e4065b).json
  Questions file: c:\Users\ADMIN\Downloads\rag_project\rag_project\Question_maker2\products\39e4065b\claim_questions_(39e4065b).json
  Test file:      c:\Users\ADMIN\Downloads\rag_project\rag_project\Question_maker2\products\39e4065b\generated_test_(39e4065b).json
============================================================
