Initializing Pipeline...
Initializing Pipeline...
============================================================
STEP 1/5: Parsing PDF...
============================================================
Started parsing the file under job_id df9a1c1f-b868-4b3f-b68c-682dcb8bf4fc
  ✓ Parsed 1 pages → c:\Users\ADMIN\Downloads\rag_project\rag_project\Question_maker2\products\08cf89aa\chunkz_(08cf89aa).txt

============================================================
STEP 2/5: Storing chunks in local database...
============================================================
Successfully stored 1 chunks locally in c:\Users\ADMIN\Downloads\rag_project\rag_project\Question_maker2\database\08cf89aa

============================================================
STEP 3/5: Extracting claims...
============================================================
Fetching chunks from local database...
Found 1 chunks.
Extracting document theme...
  Main theme: The growing risks associated with online sports gambling in the Americas.
  Sub-topics: ['Prevalence of gambling and risk gambling in North America', 'Prevalence of gambling disorder in Latin America and the Caribbean', 'Socioeconomic factors linked to gambling disorder', 'Impact of sports events (e.g., FIFA World Cup) on betting exposure', 'Comparison to tobacco and alcohol industry marketing tactics', 'Negative health and wellbeing effects of gambling', 'Need for regulation, limits on marketing, and international collaboration']
Processing Chunk 0 (Page 1)...

Done. Extracted 11 new claims from 1 chunks.
Saved to c:\Users\ADMIN\Downloads\rag_project\rag_project\Question_maker2\products\08cf89aa\extracted_claims_(08cf89aa).json

============================================================
STEP 4/5: Converting claims to verification questions...
============================================================
Loaded 1 chunks — Main theme: The growing risks associated with online sports gambling in the Americas.
Processing Chunk 0 (Page 1, 11 claims)...

Done. Generated 11 questions from 1 chunks.
Saved to c:\Users\ADMIN\Downloads\rag_project\rag_project\Question_maker2\products\08cf89aa\claim_questions_(08cf89aa).json

============================================================
STEP 5/5: Generating test...
============================================================
Loading claims...
  Loaded 11 claims — Theme: The growing risks associated with online sports gambling in the Americas.
  [WARN] Requested 40 questions but only 11 claims available. Reducing counts proportionally.
  Sampled: 5 MCQ, 2 T/F, 2 Short

[1/3] Multiple Choice
  Generating 5 MCQ questions...
  ✓ Generated 5 MCQ questions

[2/3] True / False
  Generating 2 T/F questions...
  ✓ Generated 2 T/F questions

[3/3] Short Answer
  Generating 2 short-answer questions...
  ✓ Generated 2 short-answer questions

Done! Generated 9 questions total (max score: 10).
  MCQ: 5 questions × 1.2 pts = 6 pts
  T/F: 2 questions × 1.0 pts = 2 pts
  Short: 2 questions × 1.0 pts = 2 pts
Saved to c:\Users\ADMIN\Downloads\rag_project\rag_project\Question_maker2\products\08cf89aa\generated_test_(08cf89aa).json

============================================================
ALL DONE!
  Run code:       08cf89aa
  Output folder:  c:\Users\ADMIN\Downloads\rag_project\rag_project\Question_maker2\products\08cf89aa
  Local DB path:  c:\Users\ADMIN\Downloads\rag_project\rag_project\Question_maker2\database\08cf89aa
  Claims file:    c:\Users\ADMIN\Downloads\rag_project\rag_project\Question_maker2\products\08cf89aa\extracted_claims_(08cf89aa).json
  Questions file: c:\Users\ADMIN\Downloads\rag_project\rag_project\Question_maker2\products\08cf89aa\claim_questions_(08cf89aa).json
  Test file:      c:\Users\ADMIN\Downloads\rag_project\rag_project\Question_maker2\products\08cf89aa\generated_test_(08cf89aa).json
============================================================
