Initializing Pipeline...
Initializing Pipeline...
============================================================
STEP 1/5: Parsing PDF...
============================================================
Started parsing the file under job_id 9d56204d-2739-4240-8e04-4d8a89f06aa8
  ✓ Parsed 1 pages → c:\Users\ADMIN\Downloads\rag_project\rag_project\Question_maker2\products\5bfc86c4\chunkz_(5bfc86c4).txt

============================================================
STEP 2/5: Storing chunks in local database...
============================================================
Successfully stored 1 chunks locally in c:\Users\ADMIN\Downloads\rag_project\rag_project\Question_maker2\database\5bfc86c4

============================================================
STEP 3/5: Extracting claims...
============================================================
Fetching chunks from local database...
Found 1 chunks.
Extracting document theme...
  Main theme: The growing risks associated with online sports gambling in the Americas.
  Sub-topics: ['Prevalence of gambling and risk gambling in North America', 'Prevalence of gambling disorder in Latin America and the Caribbean', 'Socioeconomic factors linked to gambling disorder', 'Impact of sports events (e.g., FIFA World Cup) on betting exposure', 'Comparison to tobacco and alcohol industry marketing tactics', 'Negative health and wellbeing effects of gambling', 'Need for regulation, limits on marketing, and international collaboration']
Processing Chunk 0 (Page 1)...

Done. Extracted 11 new claims from 1 chunks.
Saved to c:\Users\ADMIN\Downloads\rag_project\rag_project\Question_maker2\products\5bfc86c4\extracted_claims_(5bfc86c4).json

============================================================
STEP 4/5: Converting claims to verification questions...
============================================================
Loaded 1 chunks — Main theme: The growing risks associated with online sports gambling in the Americas.
Processing Chunk 0 (Page 1, 11 claims)...

Done. Generated 11 questions from 1 chunks.
Saved to c:\Users\ADMIN\Downloads\rag_project\rag_project\Question_maker2\products\5bfc86c4\claim_questions_(5bfc86c4).json

============================================================
STEP 5/5: Generating test...
============================================================
Loading claims...
  Loaded 11 claims — Theme: The growing risks associated with online sports gambling in the Americas.
  Sampled: 11 MCQ, 0 T/F, 0 Short

[1/3] Multiple Choice
  Generating 11 MCQ questions...
  ✓ Generated 11 MCQ questions

[2/3] True / False
  Generating 0 T/F questions...
  ✓ Generated 0 T/F questions

[3/3] Short Answer
  Generating 0 short-answer questions...
  ✓ Generated 0 short-answer questions

Done! Generated 11 questions total (max score: 10).
  MCQ: 11 questions × 0.55 pts = 6 pts
  T/F: 0 questions × 2.0 pts = 2 pts
  Short: 0 questions × 2.0 pts = 2 pts
Saved to c:\Users\ADMIN\Downloads\rag_project\rag_project\Question_maker2\products\5bfc86c4\generated_test_(5bfc86c4).json

============================================================
ALL DONE!
  Run code:       5bfc86c4
  Output folder:  c:\Users\ADMIN\Downloads\rag_project\rag_project\Question_maker2\products\5bfc86c4
  Local DB path:  c:\Users\ADMIN\Downloads\rag_project\rag_project\Question_maker2\database\5bfc86c4
  Claims file:    c:\Users\ADMIN\Downloads\rag_project\rag_project\Question_maker2\products\5bfc86c4\extracted_claims_(5bfc86c4).json
  Questions file: c:\Users\ADMIN\Downloads\rag_project\rag_project\Question_maker2\products\5bfc86c4\claim_questions_(5bfc86c4).json
  Test file:      c:\Users\ADMIN\Downloads\rag_project\rag_project\Question_maker2\products\5bfc86c4\generated_test_(5bfc86c4).json
============================================================
