Initializing Pipeline...
Initializing Pipeline...
============================================================
STEP 1/5: Parsing PDF...
============================================================
Started parsing the file under job_id 8174b79f-e52c-44b9-a41c-5c8cb208ea65
  ✓ Parsed 1 pages → c:\Users\ADMIN\Downloads\rag_project\rag_project\Question_maker2\products\4a5f4a3a\chunkz_(4a5f4a3a).txt

============================================================
STEP 2/5: Storing chunks in local database...
============================================================
Successfully stored 1 chunks locally in c:\Users\ADMIN\Downloads\rag_project\rag_project\Question_maker2\database\4a5f4a3a

============================================================
STEP 3/5: Extracting claims...
============================================================
Fetching chunks from local database...
Found 1 chunks.
Extracting document theme...
  Main theme: Algorithmic problem-solving in introductory programming.
  Sub-topics: ['Polygon Perimeter Calculation', 'Age Difference Algorithm', 'Quadratic Equation Solver', 'Algorithm Design', 'Flowcharting', 'Fundamentals of Programming']
Processing Chunk 0 (Page 1)...

Done. Extracted 5 new claims from 1 chunks.
Saved to c:\Users\ADMIN\Downloads\rag_project\rag_project\Question_maker2\products\4a5f4a3a\extracted_claims_(4a5f4a3a).json

============================================================
STEP 4/5: Converting claims to verification questions...
============================================================
Loaded 1 chunks — Main theme: Algorithmic problem-solving in introductory programming.
Processing Chunk 0 (Page 1, 5 claims)...

Done. Generated 5 questions from 1 chunks.
Saved to c:\Users\ADMIN\Downloads\rag_project\rag_project\Question_maker2\products\4a5f4a3a\claim_questions_(4a5f4a3a).json

============================================================
STEP 5/5: Generating test...
============================================================
Loading claims...
  Loaded 5 claims — Theme: Algorithmic problem-solving in introductory programming.
  [WARN] Requested 22 questions but only 5 claims available. Reducing counts proportionally.
  Sampled: 2 MCQ, 1 T/F, 1 Short

[1/3] Multiple Choice
  Generating 2 MCQ questions...
  ✓ Generated 2 MCQ questions

[2/3] True / False
  Generating 1 T/F questions...
  ✓ Generated 1 T/F questions

[3/3] Short Answer
  Generating 1 short-answer questions...
  ✓ Generated 1 short-answer questions

Done! Generated 4 questions total (max score: 10).
  MCQ: 2 questions × 3.0 pts = 6 pts
  T/F: 1 questions × 2.0 pts = 2 pts
  Short: 1 questions × 2.0 pts = 2 pts
Saved to c:\Users\ADMIN\Downloads\rag_project\rag_project\Question_maker2\products\4a5f4a3a\generated_test_(4a5f4a3a).json

============================================================
ALL DONE!
  Run code:       4a5f4a3a
  Output folder:  c:\Users\ADMIN\Downloads\rag_project\rag_project\Question_maker2\products\4a5f4a3a
  Local DB path:  c:\Users\ADMIN\Downloads\rag_project\rag_project\Question_maker2\database\4a5f4a3a
  Claims file:    c:\Users\ADMIN\Downloads\rag_project\rag_project\Question_maker2\products\4a5f4a3a\extracted_claims_(4a5f4a3a).json
  Questions file: c:\Users\ADMIN\Downloads\rag_project\rag_project\Question_maker2\products\4a5f4a3a\claim_questions_(4a5f4a3a).json
  Test file:      c:\Users\ADMIN\Downloads\rag_project\rag_project\Question_maker2\products\4a5f4a3a\generated_test_(4a5f4a3a).json
============================================================
