Initializing Pipeline...
Initializing Pipeline...
============================================================
STEP 1/5: Parsing PDF...
============================================================
Started parsing the file under job_id 28f6874e-2a66-40b3-ae7f-82ecd7a3fdce
  ✓ Parsed 1 pages → c:\Users\ADMIN\Downloads\rag_project\rag_project\Question_maker2\products\70fc48e5\chunkz_(70fc48e5).txt

============================================================
STEP 2/5: Storing chunks in local database...
============================================================
Successfully stored 1 chunks locally in c:\Users\ADMIN\Downloads\rag_project\rag_project\Question_maker2\database\70fc48e5

============================================================
STEP 3/5: Extracting claims...
============================================================
Fetching chunks from local database...
Found 1 chunks.
Extracting document theme...
  Main theme: Residential Service Fee Notification
  Sub-topics: ['Service Fee Breakdown (February 2026)', 'Apartment Management Fee', 'Vehicle Parking Fees', 'Water Usage Charges', 'Electricity Charges', 'Payment Information', 'Contact Information', 'Late Payment Policy']
Processing Chunk 0 (Page 1)...

Done. Extracted 9 new claims from 1 chunks.
Saved to c:\Users\ADMIN\Downloads\rag_project\rag_project\Question_maker2\products\70fc48e5\extracted_claims_(70fc48e5).json

============================================================
STEP 4/5: Converting claims to verification questions...
============================================================
Loaded 1 chunks — Main theme: Residential Service Fee Notification
Processing Chunk 0 (Page 1, 9 claims)...

Done. Generated 9 questions from 1 chunks.
Saved to c:\Users\ADMIN\Downloads\rag_project\rag_project\Question_maker2\products\70fc48e5\claim_questions_(70fc48e5).json

============================================================
STEP 5/5: Generating test...
============================================================
Loading claims...
  Loaded 9 claims — Theme: Residential Service Fee Notification
  [WARN] Requested 10 questions but only 9 claims available. Reducing counts proportionally.
  Sampled: 3 MCQ, 3 T/F, 1 Short

[1/3] Multiple Choice
  Generating 3 MCQ questions...
  ✓ Generated 3 MCQ questions

[2/3] True / False
  Generating 3 T/F questions...
  ✓ Generated 3 T/F questions

[3/3] Short Answer
  Generating 1 short-answer questions...
  ✓ Generated 1 short-answer questions

Done! Generated 7 questions total (max score: 10).
  MCQ: 3 questions × 2.0 pts = 6 pts
  T/F: 3 questions × 0.67 pts = 2 pts
  Short: 1 questions × 2.0 pts = 2 pts
Saved to c:\Users\ADMIN\Downloads\rag_project\rag_project\Question_maker2\products\70fc48e5\generated_test_(70fc48e5).json

============================================================
ALL DONE!
  Run code:       70fc48e5
  Output folder:  c:\Users\ADMIN\Downloads\rag_project\rag_project\Question_maker2\products\70fc48e5
  Local DB path:  c:\Users\ADMIN\Downloads\rag_project\rag_project\Question_maker2\database\70fc48e5
  Claims file:    c:\Users\ADMIN\Downloads\rag_project\rag_project\Question_maker2\products\70fc48e5\extracted_claims_(70fc48e5).json
  Questions file: c:\Users\ADMIN\Downloads\rag_project\rag_project\Question_maker2\products\70fc48e5\claim_questions_(70fc48e5).json
  Test file:      c:\Users\ADMIN\Downloads\rag_project\rag_project\Question_maker2\products\70fc48e5\generated_test_(70fc48e5).json
============================================================
