Initializing Pipeline...
Initializing Pipeline...
============================================================
STEP 1/5: Parsing PDF...
============================================================
Started parsing the file under job_id b122e2c4-19f0-4605-bc9c-92d0aaf776fc
  ✓ Parsed 85 pages → c:\Users\ADMIN\Downloads\rag_project\rag_project\Question_maker2\products\4c751788\chunkz_(4c751788).txt

============================================================
STEP 2/5: Storing chunks in local database...
============================================================
Successfully stored 85 chunks locally in c:\Users\ADMIN\Downloads\rag_project\rag_project\Question_maker2\database\4c751788

============================================================
STEP 3/5: Extracting claims...
============================================================
Fetching chunks from local database...
Found 85 chunks.
Extracting document theme...
  Main theme: Fundamentals of Satellite Communications
  Sub-topics: ['Historical Evolution of Satellite Communications', 'Basic Satellite Communication Model', 'Kepler’s Laws and Satellite Orbits', 'Antenna Fundamentals', 'Friis Equation and Path Loss', 'Space Segment', 'Earth Segment', 'Power Systems and Reliability']
Processing Chunk 0 (Page 1)...
Processing Chunk 1 (Page 2)...
Processing Chunk 2 (Page 3)...
Processing Chunk 3 (Page 4)...
Processing Chunk 4 (Page 5)...
Processing Chunk 5 (Page 6)...
Processing Chunk 6 (Page 7)...
Processing Chunk 7 (Page 8)...
Processing Chunk 8 (Page 9)...
Processing Chunk 9 (Page 10)...
Processing Chunk 10 (Page 11)...
Processing Chunk 11 (Page 12)...
Processing Chunk 12 (Page 13)...
Processing Chunk 13 (Page 14)...
Processing Chunk 14 (Page 15)...
Processing Chunk 15 (Page 16)...
Processing Chunk 16 (Page 17)...
Processing Chunk 17 (Page 18)...
Processing Chunk 18 (Page 19)...
Processing Chunk 19 (Page 20)...
Processing Chunk 20 (Page 21)...
Processing Chunk 21 (Page 22)...
Processing Chunk 22 (Page 23)...
Processing Chunk 23 (Page 24)...
Processing Chunk 24 (Page 25)...
Processing Chunk 25 (Page 26)...
Processing Chunk 26 (Page 27)...
Processing Chunk 27 (Page 28)...
Processing Chunk 28 (Page 29)...
Processing Chunk 29 (Page 30)...
Processing Chunk 30 (Page 31)...
Processing Chunk 31 (Page 32)...
Processing Chunk 32 (Page 33)...
Processing Chunk 33 (Page 34)...
Processing Chunk 34 (Page 35)...
Processing Chunk 35 (Page 36)...
Processing Chunk 36 (Page 37)...
Processing Chunk 37 (Page 38)...
Processing Chunk 38 (Page 39)...
Processing Chunk 39 (Page 40)...
Processing Chunk 40 (Page 41)...
Processing Chunk 41 (Page 42)...
Processing Chunk 42 (Page 43)...
Processing Chunk 43 (Page 44)...
Processing Chunk 44 (Page 45)...
Processing Chunk 45 (Page 46)...
Processing Chunk 46 (Page 47)...
Processing Chunk 47 (Page 48)...
Processing Chunk 48 (Page 49)...
Processing Chunk 49 (Page 50)...
Processing Chunk 50 (Page 51)...
Processing Chunk 51 (Page 52)...
Processing Chunk 52 (Page 53)...
Processing Chunk 53 (Page 54)...
Processing Chunk 54 (Page 55)...
Processing Chunk 55 (Page 56)...
Processing Chunk 56 (Page 57)...
Processing Chunk 57 (Page 58)...
Processing Chunk 58 (Page 59)...
Processing Chunk 59 (Page 60)...
Processing Chunk 60 (Page 61)...
Processing Chunk 61 (Page 62)...
Processing Chunk 62 (Page 63)...
Processing Chunk 63 (Page 64)...
Processing Chunk 64 (Page 65)...
Processing Chunk 65 (Page 66)...
Processing Chunk 66 (Page 67)...
Processing Chunk 67 (Page 68)...
Processing Chunk 68 (Page 69)...
Processing Chunk 69 (Page 70)...
Processing Chunk 70 (Page 71)...
Processing Chunk 71 (Page 72)...
Processing Chunk 72 (Page 73)...
Processing Chunk 73 (Page 74)...
Processing Chunk 74 (Page 75)...
Processing Chunk 75 (Page 76)...
Processing Chunk 76 (Page 77)...
Processing Chunk 77 (Page 78)...
Processing Chunk 78 (Page 79)...
Processing Chunk 79 (Page 80)...
Processing Chunk 80 (Page 81)...
Processing Chunk 81 (Page 82)...
Processing Chunk 82 (Page 83)...
Processing Chunk 83 (Page 84)...
Processing Chunk 84 (Page 85)...

Done. Extracted 446 new claims from 85 chunks.
Saved to c:\Users\ADMIN\Downloads\rag_project\rag_project\Question_maker2\products\4c751788\extracted_claims_(4c751788).json

============================================================
STEP 4/5: Converting claims to verification questions...
============================================================
Loaded 85 chunks — Main theme: Fundamentals of Satellite Communications
Chunk 0 (Page 1): no claims, skipping.
Processing Chunk 1 (Page 2, 7 claims)...
Processing Chunk 2 (Page 3, 5 claims)...
Processing Chunk 3 (Page 4, 12 claims)...
Processing Chunk 4 (Page 5, 7 claims)...
Processing Chunk 5 (Page 6, 3 claims)...
Processing Chunk 6 (Page 7, 5 claims)...
Processing Chunk 7 (Page 8, 11 claims)...
Processing Chunk 8 (Page 9, 8 claims)...
Processing Chunk 9 (Page 10, 4 claims)...
Processing Chunk 10 (Page 11, 6 claims)...
Processing Chunk 11 (Page 12, 3 claims)...
Processing Chunk 12 (Page 13, 4 claims)...
Processing Chunk 13 (Page 14, 6 claims)...
Processing Chunk 14 (Page 15, 4 claims)...
Processing Chunk 15 (Page 16, 13 claims)...
  [WARN] Got 12 questions for 13 claims. Padding with empties.
Processing Chunk 16 (Page 17, 10 claims)...
Processing Chunk 17 (Page 18, 5 claims)...
Processing Chunk 18 (Page 19, 2 claims)...
Processing Chunk 19 (Page 20, 4 claims)...
Processing Chunk 20 (Page 21, 5 claims)...
Processing Chunk 21 (Page 22, 8 claims)...
Processing Chunk 22 (Page 23, 4 claims)...
Processing Chunk 23 (Page 24, 4 claims)...
Processing Chunk 24 (Page 25, 4 claims)...
Processing Chunk 25 (Page 26, 4 claims)...
Processing Chunk 26 (Page 27, 5 claims)...
Processing Chunk 27 (Page 28, 6 claims)...
Processing Chunk 28 (Page 29, 4 claims)...
Processing Chunk 29 (Page 30, 20 claims)...
Processing Chunk 30 (Page 31, 4 claims)...
Processing Chunk 31 (Page 32, 3 claims)...
Processing Chunk 32 (Page 33, 4 claims)...
Processing Chunk 33 (Page 34, 4 claims)...
Processing Chunk 34 (Page 35, 4 claims)...
Processing Chunk 35 (Page 36, 5 claims)...
Processing Chunk 36 (Page 37, 3 claims)...
Processing Chunk 37 (Page 38, 6 claims)...
Processing Chunk 38 (Page 39, 5 claims)...
Processing Chunk 39 (Page 40, 4 claims)...
Processing Chunk 40 (Page 41, 6 claims)...
Processing Chunk 41 (Page 42, 6 claims)...
Processing Chunk 42 (Page 43, 4 claims)...
Processing Chunk 43 (Page 44, 5 claims)...
Processing Chunk 44 (Page 45, 4 claims)...
Processing Chunk 45 (Page 46, 3 claims)...
Processing Chunk 46 (Page 47, 5 claims)...
Processing Chunk 47 (Page 48, 4 claims)...
Processing Chunk 48 (Page 49, 4 claims)...
Processing Chunk 49 (Page 50, 4 claims)...
Processing Chunk 50 (Page 51, 5 claims)...
Processing Chunk 51 (Page 52, 4 claims)...
Processing Chunk 52 (Page 53, 6 claims)...
Processing Chunk 53 (Page 54, 12 claims)...
Processing Chunk 54 (Page 55, 5 claims)...
Processing Chunk 55 (Page 56, 4 claims)...
Processing Chunk 56 (Page 57, 7 claims)...
Processing Chunk 57 (Page 58, 4 claims)...
Processing Chunk 58 (Page 59, 7 claims)...
Processing Chunk 59 (Page 60, 6 claims)...
Processing Chunk 60 (Page 61, 4 claims)...
Processing Chunk 61 (Page 62, 4 claims)...
Processing Chunk 62 (Page 63, 5 claims)...
Processing Chunk 63 (Page 64, 4 claims)...
Processing Chunk 64 (Page 65, 4 claims)...
Processing Chunk 65 (Page 66, 4 claims)...
Processing Chunk 66 (Page 67, 5 claims)...
Processing Chunk 67 (Page 68, 5 claims)...
Processing Chunk 68 (Page 69, 5 claims)...
Processing Chunk 69 (Page 70, 4 claims)...
Processing Chunk 70 (Page 71, 4 claims)...
Processing Chunk 71 (Page 72, 6 claims)...
Processing Chunk 72 (Page 73, 4 claims)...
Processing Chunk 73 (Page 74, 5 claims)...
Processing Chunk 74 (Page 75, 5 claims)...
Processing Chunk 75 (Page 76, 5 claims)...
Processing Chunk 76 (Page 77, 4 claims)...
Processing Chunk 77 (Page 78, 4 claims)...
Processing Chunk 78 (Page 79, 4 claims)...
Processing Chunk 79 (Page 80, 5 claims)...
Processing Chunk 80 (Page 81, 6 claims)...
Processing Chunk 81 (Page 82, 5 claims)...
Processing Chunk 82 (Page 83, 8 claims)...
Processing Chunk 83 (Page 84, 7 claims)...
Chunk 84 (Page 85): no claims, skipping.

Done. Generated 445 questions from 85 chunks.
Saved to c:\Users\ADMIN\Downloads\rag_project\rag_project\Question_maker2\products\4c751788\claim_questions_(4c751788).json

============================================================
STEP 5/5: Generating test...
============================================================
Loading claims...
  Loaded 446 claims — Theme: Fundamentals of Satellite Communications
  Sampled: 14 MCQ, 8 T/F, 6 Short

[1/3] Multiple Choice
  Generating 14 MCQ questions...
  ✓ Generated 14 MCQ questions

[2/3] True / False
  Generating 8 T/F questions...
  ✓ Generated 8 T/F questions

[3/3] Short Answer
  Generating 6 short-answer questions...
  ✓ Generated 6 short-answer questions

Done! Generated 28 questions total (max score: 10).
  MCQ: 14 questions × 0.43 pts = 6 pts
  T/F: 8 questions × 0.25 pts = 2 pts
  Short: 6 questions × 0.33 pts = 2 pts
Saved to c:\Users\ADMIN\Downloads\rag_project\rag_project\Question_maker2\products\4c751788\generated_test_(4c751788).json

============================================================
ALL DONE!
  Run code:       4c751788
  Output folder:  c:\Users\ADMIN\Downloads\rag_project\rag_project\Question_maker2\products\4c751788
  Local DB path:  c:\Users\ADMIN\Downloads\rag_project\rag_project\Question_maker2\database\4c751788
  Claims file:    c:\Users\ADMIN\Downloads\rag_project\rag_project\Question_maker2\products\4c751788\extracted_claims_(4c751788).json
  Questions file: c:\Users\ADMIN\Downloads\rag_project\rag_project\Question_maker2\products\4c751788\claim_questions_(4c751788).json
  Test file:      c:\Users\ADMIN\Downloads\rag_project\rag_project\Question_maker2\products\4c751788\generated_test_(4c751788).json
============================================================
